  Inventory.cpp
  console_commands.cpp
  game.cpp
  job_system.cpp
  jobs.cpp
  physics.cpp
  world.cpp
  opengl_2d_renderer.cpp
  opengl_renderer.cpp
  dropdown_console.cpp
C:\dev\cpp\Crafty\src\game\ecs.h(160,1): warning C4293: '<<': shift count negative or too big, undefined behavior (compiling source file game\physics.cpp)
C:\dev\cpp\Crafty\src\game\ecs.h(178,1): warning C4293: '<<': shift count negative or too big, undefined behavior (compiling source file game\physics.cpp)
C:\dev\cpp\Crafty\src\renderer\opengl_renderer.cpp(238,41): warning C4244: '=': conversion from 'float' to 'u16', possible loss of data
C:\dev\cpp\Crafty\src\game\ecs.h(160,1): warning C4293: '<<': shift count negative or too big, undefined behavior (compiling source file game\game.cpp)
C:\dev\cpp\Crafty\src\game\ecs.h(178,1): warning C4293: '<<': shift count negative or too big, undefined behavior (compiling source file game\game.cpp)
C:\dev\cpp\Crafty\src\game\console_commands.cpp(114,61): warning C4267: 'initializing': conversion from 'size_t' to 'i32', possible loss of data
C:\dev\cpp\Crafty\src\game\ecs.h(119,41): warning C4244: 'argument': conversion from 'minecraft::Entity' to 'u32', possible loss of data (compiling source file game\physics.cpp)
C:\dev\cpp\Crafty\src\game\ecs.h(125): message : see reference to function template instantiation 'T *minecraft::Registry::get_component<minecraft::Transform>(minecraft::Entity)' being compiled
          with
          [
              T=minecraft::Transform
          ] (compiling source file game\physics.cpp)
C:\dev\cpp\Crafty\src\game\physics.cpp(38): message : see reference to function template instantiation 'std::tuple<T *,minecraft::Box_Collider *,minecraft::Rigid_Body *> minecraft::Registry::get_components<minecraft::Transform,minecraft::Box_Collider,minecraft::Rigid_Body>(minecraft::Entity)' being compiled
          with
          [
              T=minecraft::Transform
          ]
C:\dev\cpp\Crafty\src\renderer\opengl_2d_renderer.cpp(183,27): warning C4018: '<': signed/unsigned mismatch
C:\dev\cpp\Crafty\src\renderer\opengl_2d_renderer.cpp(273,111): warning C4267: 'argument': conversion from 'size_t' to 'GLsizei', possible loss of data
C:\dev\cpp\Crafty\src\game\physics.cpp(177): warning C4715: 'minecraft::get_collision_direction': not all control paths return a value
C:\dev\cpp\Crafty\src\game\ecs.h(100,41): warning C4244: 'argument': conversion from 'minecraft::Entity' to 'u32', possible loss of data (compiling source file game\game.cpp)
C:\dev\cpp\Crafty\src\game\game.cpp(452): message : see reference to function template instantiation 'T *minecraft::Registry::add_component<minecraft::Transform>(minecraft::Entity)' being compiled
          with
          [
              T=minecraft::Transform
          ]
C:\dev\cpp\Crafty\src\game\ecs.h(119,41): warning C4244: 'argument': conversion from 'minecraft::Entity' to 'u32', possible loss of data (compiling source file game\game.cpp)
C:\dev\cpp\Crafty\src\game\game.cpp(627): message : see reference to function template instantiation 'T *minecraft::Registry::get_component<minecraft::Transform>(minecraft::Entity)' being compiled
          with
          [
              T=minecraft::Transform
          ]
  Minecraft.vcxproj -> C:\dev\cpp\Crafty\bin\Minecraft.exe
